2020-02-27 11:24:06,944:17:INFO:Process start!!
2020-02-27 11:25:54,099:17:INFO:Process start!!
2020-02-27 11:26:34,549:17:INFO:Process start!!
2020-02-27 11:27:24,245:17:INFO:Process start!!
2020-02-27 11:28:02,171:17:INFO:Process start!!
2020-02-27 11:28:15,734:17:INFO:Process start!!
2020-02-27 11:28:35,703:17:INFO:Process start!!
2020-02-27 11:29:19,018:17:INFO:Process start!!
2020-02-27 11:30:07,041:17:INFO:Process start!!
2020-02-27 11:30:15,115:17:INFO:Process start!!
2020-02-27 11:30:29,207:18:INFO:Process start!!
2020-02-27 11:33:49,196:18:INFO:Process start!!
2020-02-27 11:34:18,280:18:INFO:Process start!!
2020-02-27 11:34:32,177:18:INFO:Process start!!
2020-02-27 11:35:29,051:18:INFO:Process start!!
2020-02-27 11:38:03,869:18:INFO:Process start!!
2020-02-27 11:50:31,589:18:INFO:Process start!!
2020-02-27 11:50:51,861:18:INFO:Process start!!
2020-02-27 11:56:54,752:18:INFO:Process start!!
2020-02-27 12:07:19,636:32:INFO:Ctrl-c pressed ...
2020-02-27 12:07:19,637:33:INFO:Process end!!
2020-03-02 19:44:00,100:19:INFO:Process start!!
2020-03-02 19:44:12,147:41:ERROR:Traceback (most recent call last):
  File "request_clawling.py", line 30, in main
    print(res.json())
  File "/Users/yuta.miyawaki/.pyenv/versions/3.6.10/lib/python3.6/site-packages/requests/models.py", line 897, in json
    return complexjson.loads(self.text, **kwargs)
  File "/Users/yuta.miyawaki/.pyenv/versions/3.6.10/lib/python3.6/json/__init__.py", line 354, in loads
    return _default_decoder.decode(s)
  File "/Users/yuta.miyawaki/.pyenv/versions/3.6.10/lib/python3.6/json/decoder.py", line 339, in decode
    obj, end = self.raw_decode(s, idx=_w(s, 0).end())
  File "/Users/yuta.miyawaki/.pyenv/versions/3.6.10/lib/python3.6/json/decoder.py", line 357, in raw_decode
    raise JSONDecodeError("Expecting value", s, err.value) from None
json.decoder.JSONDecodeError: Expecting value: line 1 column 1 (char 0)

2020-03-02 19:44:12,147:42:INFO:Process end!!
2020-03-02 19:44:15,831:41:ERROR:Traceback (most recent call last):
  File "request_clawling.py", line 30, in main
    print(res.json())
  File "/Users/yuta.miyawaki/.pyenv/versions/3.6.10/lib/python3.6/site-packages/requests/models.py", line 897, in json
    return complexjson.loads(self.text, **kwargs)
  File "/Users/yuta.miyawaki/.pyenv/versions/3.6.10/lib/python3.6/json/__init__.py", line 354, in loads
    return _default_decoder.decode(s)
  File "/Users/yuta.miyawaki/.pyenv/versions/3.6.10/lib/python3.6/json/decoder.py", line 339, in decode
    obj, end = self.raw_decode(s, idx=_w(s, 0).end())
  File "/Users/yuta.miyawaki/.pyenv/versions/3.6.10/lib/python3.6/json/decoder.py", line 357, in raw_decode
    raise JSONDecodeError("Expecting value", s, err.value) from None
json.decoder.JSONDecodeError: Expecting value: line 1 column 1 (char 0)

2020-03-02 19:44:15,831:42:INFO:Process end!!
2020-03-02 19:44:17,170:35:INFO:Ctrl-c pressed ...
2020-03-02 19:44:17,171:36:INFO:Process end!!
2020-03-03 11:21:07,227:19:INFO:Process start!!
2020-03-03 11:21:35,888:35:INFO:Ctrl-c pressed ...
2020-03-03 11:21:35,888:36:INFO:Process end!!
2020-03-03 11:41:21,046:19:INFO:Process start!!
2020-03-03 11:41:40,866:36:INFO:Ctrl-c pressed ...
2020-03-03 11:41:40,866:37:INFO:Process end!!
2020-03-03 11:42:11,010:19:INFO:Process start!!
2020-03-03 11:42:26,772:36:INFO:Ctrl-c pressed ...
2020-03-03 11:42:26,772:37:INFO:Process end!!
2020-03-03 12:06:14,244:19:INFO:Process start!!
2020-03-03 12:06:39,882:51:INFO:Ctrl-c pressed ...
2020-03-03 12:06:39,882:52:INFO:Process end!!
2020-03-03 12:08:37,805:19:INFO:Process start!!
2020-03-03 12:08:44,557:51:INFO:Ctrl-c pressed ...
2020-03-03 12:08:44,557:52:INFO:Process end!!
2020-03-03 12:18:21,601:19:INFO:Process start!!
2020-03-03 12:18:37,026:56:INFO:Ctrl-c pressed ...
2020-03-03 12:18:37,026:57:INFO:Process end!!
2020-03-03 12:21:29,291:19:INFO:Process start!!
2020-03-03 12:21:50,526:56:INFO:Ctrl-c pressed ...
2020-03-03 12:21:50,526:57:INFO:Process end!!
2020-03-03 12:22:38,201:19:INFO:Process start!!
2020-03-03 12:24:29,541:52:INFO:Ctrl-c pressed ...
2020-03-03 12:24:29,541:53:INFO:Process end!!
2020-03-03 12:26:38,898:19:INFO:Process start!!
2020-03-03 12:50:16,945:52:INFO:Ctrl-c pressed ...
2020-03-03 12:50:16,946:53:INFO:Process end!!
2020-03-10 18:42:39,639:19:INFO:Process start!!
2020-03-10 18:44:36,862:19:INFO:Process start!!
2020-03-10 18:44:56,092:19:INFO:Process start!!
2020-03-10 18:45:23,755:19:INFO:Process start!!
2020-03-10 18:45:33,722:19:INFO:Process start!!
2020-03-11 10:48:00,232:48:INFO:Ctrl-c pressed ...
2020-03-11 10:48:00,234:49:INFO:Process end!!
2020-03-11 10:52:17,513:48:INFO:Ctrl-c pressed ...
2020-03-11 10:52:17,518:49:INFO:Process end!!
2020-03-11 10:52:18,524:48:INFO:Ctrl-c pressed ...
2020-03-11 10:52:18,535:49:INFO:Process end!!
2020-03-11 10:52:19,118:48:INFO:Ctrl-c pressed ...
2020-03-11 10:52:19,120:49:INFO:Process end!!
2020-03-11 10:52:35,721:19:INFO:Process start!!
2020-03-11 10:52:46,743:19:INFO:Process start!!
2020-03-11 10:52:53,231:19:INFO:Process start!!
2020-03-11 10:59:28,002:19:INFO:Process start!!
2020-03-11 11:56:51,222:19:INFO:Process start!!
2020-03-11 11:59:13,142:19:INFO:Process start!!
2020-03-11 11:59:36,155:48:INFO:Ctrl-c pressed ...
2020-03-11 11:59:36,156:49:INFO:Process end!!
2020-03-11 12:01:00,116:19:INFO:Process start!!
2020-03-11 15:55:03,408:48:INFO:Ctrl-c pressed ...
2020-03-11 15:55:03,410:49:INFO:Process end!!
2020-03-11 15:55:05,095:48:INFO:Ctrl-c pressed ...
2020-03-11 15:55:05,096:49:INFO:Process end!!
2020-03-11 15:55:05,811:48:INFO:Ctrl-c pressed ...
2020-03-11 15:55:05,813:49:INFO:Process end!!
2020-03-11 15:55:06,744:48:INFO:Ctrl-c pressed ...
2020-03-11 15:55:06,745:49:INFO:Process end!!
2020-03-11 15:55:09,236:48:INFO:Ctrl-c pressed ...
2020-03-11 15:55:09,240:49:INFO:Process end!!
2020-03-11 15:55:10,069:48:INFO:Ctrl-c pressed ...
2020-03-11 15:55:10,070:49:INFO:Process end!!
2020-03-11 15:59:52,752:19:INFO:Process start!!
2020-03-11 16:00:08,577:19:INFO:Process start!!
2020-03-11 16:00:15,507:19:INFO:Process start!!
2020-03-11 16:00:22,737:19:INFO:Process start!!
2020-03-11 16:00:30,545:19:INFO:Process start!!
2020-03-11 16:00:33,975:19:INFO:Process start!!
2020-03-12 11:05:10,570:48:INFO:Ctrl-c pressed ...
2020-03-12 11:05:10,572:49:INFO:Process end!!
2020-03-12 11:05:12,402:48:INFO:Ctrl-c pressed ...
2020-03-12 11:05:12,404:49:INFO:Process end!!
2020-03-12 11:05:13,532:48:INFO:Ctrl-c pressed ...
2020-03-12 11:05:13,534:49:INFO:Process end!!
2020-03-12 11:05:16,124:48:INFO:Ctrl-c pressed ...
2020-03-12 11:05:16,128:49:INFO:Process end!!
2020-03-12 11:28:11,370:19:INFO:Process start!!
2020-03-12 11:30:54,697:19:INFO:Process start!!
2020-03-12 11:32:47,223:19:INFO:Process start!!
2020-03-12 11:32:52,936:19:INFO:Process start!!
2020-03-12 11:35:09,649:19:INFO:Process start!!
2020-03-12 11:36:12,321:19:INFO:Process start!!
2020-03-12 11:36:31,296:19:INFO:Process start!!
2020-03-12 16:20:38,942:48:INFO:Ctrl-c pressed ...
2020-03-12 16:20:38,947:49:INFO:Process end!!
2020-03-12 16:20:40,455:48:INFO:Ctrl-c pressed ...
2020-03-12 16:20:40,457:49:INFO:Process end!!
2020-03-12 16:20:40,985:48:INFO:Ctrl-c pressed ...
2020-03-12 16:20:40,988:49:INFO:Process end!!
2020-03-12 16:20:42,415:48:INFO:Ctrl-c pressed ...
2020-03-12 16:20:42,417:49:INFO:Process end!!
2020-03-12 16:20:43,988:48:INFO:Ctrl-c pressed ...
2020-03-12 16:20:43,990:49:INFO:Process end!!
2020-03-12 16:20:45,561:48:INFO:Ctrl-c pressed ...
2020-03-12 16:20:45,563:49:INFO:Process end!!
2020-03-12 16:54:36,343:19:INFO:Process start!!
2020-03-12 16:54:43,087:19:INFO:Process start!!
2020-03-12 16:55:05,539:19:INFO:Process start!!
2020-03-12 16:55:12,902:19:INFO:Process start!!
2020-03-12 16:55:20,945:19:INFO:Process start!!
2020-03-12 16:55:27,288:19:INFO:Process start!!
2020-03-12 17:25:09,194:19:INFO:Process start!!
2020-03-12 17:48:01,383:19:INFO:Process start!!
2020-03-12 18:37:45,824:48:INFO:Ctrl-c pressed ...
2020-03-12 18:37:45,825:49:INFO:Process end!!
2020-03-13 10:59:06,770:48:INFO:Ctrl-c pressed ...
2020-03-13 10:59:06,776:49:INFO:Process end!!
2020-03-13 10:59:07,708:48:INFO:Ctrl-c pressed ...
2020-03-13 10:59:07,712:49:INFO:Process end!!
2020-03-13 10:59:08,476:48:INFO:Ctrl-c pressed ...
2020-03-13 10:59:08,479:49:INFO:Process end!!
2020-03-13 10:59:09,198:48:INFO:Ctrl-c pressed ...
2020-03-13 10:59:09,203:49:INFO:Process end!!
2020-03-13 10:59:09,927:48:INFO:Ctrl-c pressed ...
2020-03-13 10:59:09,932:49:INFO:Process end!!
2020-03-13 10:59:14,299:48:INFO:Ctrl-c pressed ...
2020-03-13 10:59:14,302:49:INFO:Process end!!
2020-03-13 10:59:16,103:48:INFO:Ctrl-c pressed ...
2020-03-13 10:59:16,110:49:INFO:Process end!!
2020-03-13 11:02:33,432:19:INFO:Process start!!
2020-03-13 11:02:48,086:19:INFO:Process start!!
2020-03-13 11:02:55,782:19:INFO:Process start!!
2020-03-13 11:03:08,064:19:INFO:Process start!!
2020-03-13 11:03:21,672:19:INFO:Process start!!
2020-03-13 11:03:29,824:19:INFO:Process start!!
2020-03-13 11:07:35,901:19:INFO:Process start!!
2020-03-13 11:07:44,156:19:INFO:Process start!!
2020-03-13 11:40:01,763:19:INFO:Process start!!
2020-03-13 11:40:27,029:19:INFO:Process start!!
2020-03-13 18:21:39,013:48:INFO:Ctrl-c pressed ...
2020-03-13 18:21:39,016:49:INFO:Process end!!
2020-03-16 15:07:46,308:19:INFO:Process start!!
2020-03-16 15:08:24,078:19:INFO:Process start!!
2020-03-16 15:08:38,607:19:INFO:Process start!!
2020-03-16 15:09:05,050:19:INFO:Process start!!
2020-03-16 15:09:22,824:19:INFO:Process start!!
2020-03-16 15:09:38,704:19:INFO:Process start!!
2020-03-16 15:10:06,747:19:INFO:Process start!!
2020-03-16 15:10:13,703:19:INFO:Process start!!
2020-03-16 15:10:23,841:19:INFO:Process start!!
2020-03-16 15:10:48,673:19:INFO:Process start!!
2020-03-16 15:11:02,649:19:INFO:Process start!!
2020-03-16 18:47:41,257:48:INFO:Ctrl-c pressed ...
2020-03-16 18:47:41,259:49:INFO:Process end!!
2020-03-16 18:52:40,330:19:INFO:Process start!!
2020-03-16 21:46:55,303:48:INFO:Ctrl-c pressed ...
2020-03-16 21:46:55,304:49:INFO:Process end!!
2020-03-17 10:10:11,946:48:INFO:Ctrl-c pressed ...
2020-03-17 10:10:11,949:49:INFO:Process end!!
2020-03-17 10:10:12,839:48:INFO:Ctrl-c pressed ...
2020-03-17 10:10:12,842:49:INFO:Process end!!
2020-03-17 10:10:13,908:48:INFO:Ctrl-c pressed ...
2020-03-17 10:10:13,910:49:INFO:Process end!!
2020-03-17 10:10:16,448:48:INFO:Ctrl-c pressed ...
2020-03-17 10:10:16,451:49:INFO:Process end!!
2020-03-17 10:10:24,367:48:INFO:Ctrl-c pressed ...
2020-03-17 10:10:24,371:49:INFO:Process end!!
2020-03-17 10:10:29,309:48:INFO:Ctrl-c pressed ...
2020-03-17 10:10:29,311:49:INFO:Process end!!
2020-03-17 10:10:31,298:48:INFO:Ctrl-c pressed ...
2020-03-17 10:10:31,299:49:INFO:Process end!!
2020-03-17 10:10:48,217:48:INFO:Ctrl-c pressed ...
2020-03-17 10:10:48,219:49:INFO:Process end!!
2020-03-17 11:06:15,225:19:INFO:Process start!!
2020-03-17 11:56:50,280:48:INFO:Ctrl-c pressed ...
2020-03-17 11:56:50,282:49:INFO:Process end!!
2020-03-17 11:56:52,846:19:INFO:Process start!!
2020-03-17 13:14:46,405:48:INFO:Ctrl-c pressed ...
2020-03-17 13:14:46,406:49:INFO:Process end!!
2020-03-17 13:14:47,644:19:INFO:Process start!!
2020-03-17 15:42:44,015:48:INFO:Ctrl-c pressed ...
2020-03-17 15:42:44,016:49:INFO:Process end!!
2020-03-17 15:42:44,827:19:INFO:Process start!!
2020-03-17 15:44:43,598:48:INFO:Ctrl-c pressed ...
2020-03-17 15:44:43,599:49:INFO:Process end!!
2020-03-17 15:45:44,974:19:INFO:Process start!!
2020-03-17 15:45:50,402:19:INFO:Process start!!
2020-03-17 16:47:41,503:48:INFO:Ctrl-c pressed ...
2020-03-17 16:47:41,504:49:INFO:Process end!!
2020-03-17 16:47:42,469:48:INFO:Ctrl-c pressed ...
2020-03-17 16:47:42,470:49:INFO:Process end!!
2020-03-17 18:07:49,990:19:INFO:Process start!!
2020-03-18 10:48:56,503:48:INFO:Ctrl-c pressed ...
2020-03-18 10:48:56,504:49:INFO:Process end!!
2020-03-18 10:48:59,980:19:INFO:Process start!!
2020-03-18 12:05:27,600:48:INFO:Ctrl-c pressed ...
2020-03-18 12:05:27,601:49:INFO:Process end!!
2020-03-18 13:17:05,830:19:INFO:Process start!!
2020-03-18 13:17:09,864:19:INFO:Process start!!
2020-03-18 14:57:07,872:48:INFO:Ctrl-c pressed ...
2020-03-18 14:57:07,873:49:INFO:Process end!!
2020-03-18 14:57:09,208:48:INFO:Ctrl-c pressed ...
2020-03-18 14:57:09,208:49:INFO:Process end!!
2020-03-19 12:10:32,381:19:INFO:Process start!!
2020-03-19 12:58:32,468:48:INFO:Ctrl-c pressed ...
2020-03-19 12:58:32,469:49:INFO:Process end!!
2020-03-19 17:56:34,869:19:INFO:Process start!!
2020-03-19 17:57:09,676:47:INFO:Ctrl-c pressed ...
2020-03-19 17:57:09,677:48:INFO:Process end!!
2020-03-19 17:59:06,835:19:INFO:Process start!!
2020-03-19 17:59:28,331:47:INFO:Ctrl-c pressed ...
2020-03-19 17:59:28,331:48:INFO:Process end!!
2020-03-19 17:59:38,750:19:INFO:Process start!!
2020-03-19 18:00:01,997:47:INFO:Ctrl-c pressed ...
2020-03-19 18:00:01,997:48:INFO:Process end!!
2020-03-19 18:36:05,971:19:INFO:Process start!!
2020-03-19 19:05:52,218:47:INFO:Ctrl-c pressed ...
2020-03-19 19:05:52,219:48:INFO:Process end!!
2020-03-23 12:40:58,407:19:INFO:Process start!!
2020-03-23 12:41:33,873:47:INFO:Ctrl-c pressed ...
2020-03-23 12:41:33,874:48:INFO:Process end!!
2020-03-23 12:47:17,892:19:INFO:Process start!!
2020-03-23 12:47:35,983:47:INFO:Ctrl-c pressed ...
2020-03-23 12:47:35,984:48:INFO:Process end!!
2020-03-23 12:50:35,549:19:INFO:Process start!!
2020-03-23 12:50:53,476:47:INFO:Ctrl-c pressed ...
2020-03-23 12:50:53,477:48:INFO:Process end!!
2020-03-23 12:56:38,304:19:INFO:Process start!!
2020-03-23 12:57:13,072:47:INFO:Ctrl-c pressed ...
2020-03-23 12:57:13,073:48:INFO:Process end!!
2020-03-23 13:00:22,964:19:INFO:Process start!!
2020-03-23 14:52:18,726:47:INFO:Ctrl-c pressed ...
2020-03-23 14:52:18,729:48:INFO:Process end!!
2020-03-23 15:35:59,809:19:INFO:Process start!!
2020-03-23 16:03:15,802:47:INFO:Ctrl-c pressed ...
2020-03-23 16:03:15,804:48:INFO:Process end!!
2020-03-23 16:05:56,611:19:INFO:Process start!!
2020-03-23 16:06:08,205:47:INFO:Ctrl-c pressed ...
2020-03-23 16:06:08,205:48:INFO:Process end!!
2020-03-23 16:07:57,733:19:INFO:Process start!!
2020-03-23 16:18:32,148:47:INFO:Ctrl-c pressed ...
2020-03-23 16:18:32,149:48:INFO:Process end!!
2020-03-23 16:23:33,794:19:INFO:Process start!!
2020-03-23 16:23:48,378:48:INFO:Ctrl-c pressed ...
2020-03-23 16:23:48,378:49:INFO:Process end!!
2020-03-23 16:24:46,272:19:INFO:Process start!!
2020-03-23 16:25:54,904:49:INFO:Ctrl-c pressed ...
2020-03-23 16:25:54,905:50:INFO:Process end!!
2020-03-23 16:28:57,858:19:INFO:Process start!!
2020-03-23 16:30:48,987:49:INFO:Ctrl-c pressed ...
2020-03-23 16:30:48,988:50:INFO:Process end!!
2020-03-23 16:32:53,433:19:INFO:Process start!!
2020-03-23 16:32:58,067:49:INFO:Ctrl-c pressed ...
2020-03-23 16:32:58,067:50:INFO:Process end!!
2020-03-23 16:35:14,274:19:INFO:Process start!!
2020-03-23 16:35:58,377:53:INFO:Ctrl-c pressed ...
2020-03-23 16:35:58,377:54:INFO:Process end!!
2020-03-23 16:36:36,432:19:INFO:Process start!!
2020-03-23 16:37:05,195:53:INFO:Ctrl-c pressed ...
2020-03-23 16:37:05,197:54:INFO:Process end!!
2020-03-23 16:39:18,003:19:INFO:Process start!!
2020-03-23 16:39:52,369:49:INFO:Ctrl-c pressed ...
2020-03-23 16:39:52,369:50:INFO:Process end!!
2020-03-23 16:41:09,958:19:INFO:Process start!!
2020-03-23 16:43:11,598:49:INFO:Ctrl-c pressed ...
2020-03-23 16:43:11,599:50:INFO:Process end!!
2020-03-23 16:46:18,597:19:INFO:Process start!!
2020-03-23 16:47:01,803:49:INFO:Ctrl-c pressed ...
2020-03-23 16:47:01,804:50:INFO:Process end!!
2020-03-23 16:47:05,484:19:INFO:Process start!!
2020-03-23 16:47:14,127:49:INFO:Ctrl-c pressed ...
2020-03-23 16:47:14,127:50:INFO:Process end!!
2020-03-23 16:47:52,465:19:INFO:Process start!!
2020-03-23 16:51:56,579:19:INFO:Process start!!
2020-03-23 16:52:14,968:49:INFO:Ctrl-c pressed ...
2020-03-23 16:52:14,969:50:INFO:Process end!!
2020-03-23 16:52:24,258:19:INFO:Process start!!
2020-03-23 17:07:07,255:49:INFO:Ctrl-c pressed ...
2020-03-23 17:07:07,256:50:INFO:Process end!!
2020-03-23 17:07:11,272:19:INFO:Process start!!
2020-03-23 17:08:30,922:19:INFO:Process start!!
2020-03-23 17:14:09,947:19:INFO:Process start!!
2020-03-23 17:29:19,570:48:INFO:Ctrl-c pressed ...
2020-03-23 17:29:19,571:49:INFO:Process end!!
2020-03-23 17:32:08,766:48:INFO:Ctrl-c pressed ...
2020-03-23 17:32:08,766:49:INFO:Process end!!
2020-03-23 17:34:34,818:48:INFO:Ctrl-c pressed ...
2020-03-23 17:34:34,818:49:INFO:Process end!!
2020-03-23 17:36:15,043:48:INFO:Ctrl-c pressed ...
2020-03-23 17:36:15,043:49:INFO:Process end!!
2020-03-23 17:52:46,746:19:INFO:Process start!!
2020-03-23 18:08:36,132:48:INFO:Ctrl-c pressed ...
2020-03-23 18:08:36,133:49:INFO:Process end!!
2020-03-24 10:54:56,441:19:INFO:Process start!!
2020-03-24 10:55:01,608:19:INFO:Process start!!
2020-03-24 11:15:03,588:48:INFO:Ctrl-c pressed ...
2020-03-24 11:15:03,590:49:INFO:Process end!!
2020-03-24 11:15:04,330:48:INFO:Ctrl-c pressed ...
2020-03-24 11:15:04,330:49:INFO:Process end!!
2020-03-24 11:55:30,283:19:INFO:Process start!!
2020-03-24 12:04:07,427:48:INFO:Ctrl-c pressed ...
2020-03-24 12:04:07,428:49:INFO:Process end!!
2020-03-24 12:04:09,706:19:INFO:Process start!!
2020-03-24 12:04:12,916:48:INFO:Ctrl-c pressed ...
2020-03-24 12:04:12,917:49:INFO:Process end!!
2020-03-24 12:04:57,559:20:INFO:Process start!!
2020-03-24 12:05:22,377:50:INFO:Ctrl-c pressed ...
2020-03-24 12:05:22,377:51:INFO:Process end!!
2020-03-24 12:08:35,735:20:INFO:Process start!!
2020-03-24 12:19:31,087:50:INFO:Ctrl-c pressed ...
2020-03-24 12:19:31,089:51:INFO:Process end!!
2020-03-24 12:54:08,292:20:INFO:Process start!!
2020-03-24 13:01:11,990:50:INFO:Ctrl-c pressed ...
2020-03-24 13:01:11,991:51:INFO:Process end!!
2020-03-24 16:06:09,276:20:INFO:Process start!!
2020-03-24 16:06:51,110:50:INFO:Ctrl-c pressed ...
2020-03-24 16:06:51,111:51:INFO:Process end!!
2020-03-24 16:07:31,210:20:INFO:Process start!!
2020-03-24 16:07:54,381:50:INFO:Ctrl-c pressed ...
2020-03-24 16:07:54,382:51:INFO:Process end!!
2020-03-24 16:09:51,789:20:INFO:Process start!!
2020-03-24 16:19:09,477:50:INFO:Ctrl-c pressed ...
2020-03-24 16:19:09,479:51:INFO:Process end!!
2020-03-24 16:20:16,837:20:INFO:Process start!!
2020-03-24 16:20:40,563:51:INFO:Ctrl-c pressed ...
2020-03-24 16:20:40,563:52:INFO:Process end!!
2020-03-24 16:21:45,657:20:INFO:Process start!!
2020-03-24 16:37:32,698:51:INFO:Ctrl-c pressed ...
2020-03-24 16:37:32,699:52:INFO:Process end!!
2020-03-24 16:37:43,833:20:INFO:Process start!!
2020-03-24 16:38:05,900:51:INFO:Ctrl-c pressed ...
2020-03-24 16:38:05,901:52:INFO:Process end!!
2020-03-24 16:38:16,273:20:INFO:Process start!!
2020-03-24 16:38:53,269:51:INFO:Ctrl-c pressed ...
2020-03-24 16:38:53,270:52:INFO:Process end!!
2020-03-24 17:59:11,887:20:INFO:Process start!!
2020-03-24 18:07:00,634:51:INFO:Ctrl-c pressed ...
2020-03-24 18:07:00,636:52:INFO:Process end!!
2020-03-24 18:08:21,252:20:INFO:Process start!!
2020-03-24 18:10:11,786:51:INFO:Ctrl-c pressed ...
2020-03-24 18:10:11,787:52:INFO:Process end!!
2020-03-24 18:10:30,840:20:INFO:Process start!!
2020-03-24 18:17:49,239:51:INFO:Ctrl-c pressed ...
2020-03-24 18:17:49,241:52:INFO:Process end!!
2020-03-24 20:42:07,086:20:INFO:Process start!!
2020-03-24 20:42:07,817:50:INFO:Ctrl-c pressed ...
2020-03-24 20:42:07,817:51:INFO:Process end!!
2020-03-24 20:48:35,240:20:INFO:Process start!!
2020-03-25 10:14:14,385:20:INFO:Process start!!
2020-03-25 10:22:11,023:50:INFO:Ctrl-c pressed ...
2020-03-25 10:22:11,024:51:INFO:Process end!!
2020-03-25 10:26:21,757:20:INFO:Process start!!
2020-03-25 10:26:59,925:51:INFO:Ctrl-c pressed ...
2020-03-25 10:26:59,925:52:INFO:Process end!!
2020-03-25 10:35:21,714:20:INFO:Process start!!
2020-03-25 10:52:23,800:20:INFO:Process start!!
2020-03-25 11:25:07,341:20:INFO:Process start!!
2020-03-25 11:31:43,162:52:INFO:Ctrl-c pressed ...
2020-03-25 11:31:43,163:53:INFO:Process end!!
2020-03-25 11:39:18,919:20:INFO:Process start!!
2020-03-25 11:39:25,873:52:INFO:Ctrl-c pressed ...
2020-03-25 11:39:25,873:53:INFO:Process end!!
2020-03-27 11:17:14,291:20:INFO:Process start!!
2020-03-27 11:19:57,262:20:INFO:Process start!!
2020-03-27 11:35:36,923:51:INFO:Ctrl-c pressed ...
2020-03-27 11:35:36,925:52:INFO:Process end!!
2020-03-27 11:55:17,165:52:INFO:Ctrl-c pressed ...
2020-03-27 11:55:17,167:53:INFO:Process end!!
2020-05-13 22:46:29,181:20:INFO:Process start!!
2020-05-13 22:47:29,919:20:INFO:Process start!!
2020-05-13 22:47:50,475:20:INFO:Process start!!
2020-05-13 23:07:44,019:51:INFO:Ctrl-c pressed ...
2020-05-13 23:07:44,020:52:INFO:Process end!!
2020-05-13 23:07:44,886:51:INFO:Ctrl-c pressed ...
2020-05-13 23:07:44,886:52:INFO:Process end!!
2020-05-13 23:07:45,535:51:INFO:Ctrl-c pressed ...
2020-05-13 23:07:45,535:52:INFO:Process end!!
2020-05-13 23:09:59,628:20:INFO:Process start!!
2020-05-13 23:10:01,755:20:INFO:Process start!!
2020-05-13 23:10:03,445:20:INFO:Process start!!
2020-05-13 23:19:48,449:56:INFO:Ctrl-c pressed ...
2020-05-13 23:19:48,451:57:INFO:Process end!!
2020-05-13 23:19:49,368:56:INFO:Ctrl-c pressed ...
2020-05-13 23:19:49,369:57:INFO:Process end!!
2020-05-13 23:19:50,012:56:INFO:Ctrl-c pressed ...
2020-05-13 23:19:50,012:57:INFO:Process end!!
2020-05-13 23:51:25,364:20:INFO:Process start!!
2020-05-13 23:51:42,395:20:INFO:Process start!!
2020-05-13 23:51:46,297:20:INFO:Process start!!
2020-05-14 01:36:22,982:56:INFO:Ctrl-c pressed ...
2020-05-14 01:36:22,984:57:INFO:Process end!!
2020-05-14 01:36:24,283:56:INFO:Ctrl-c pressed ...
2020-05-14 01:36:24,286:57:INFO:Process end!!
2020-05-14 01:36:24,918:56:INFO:Ctrl-c pressed ...
2020-05-14 01:36:24,920:57:INFO:Process end!!
2020-05-14 01:37:06,668:20:INFO:Process start!!
2020-05-14 01:37:08,027:20:INFO:Process start!!
2020-05-14 01:37:09,482:20:INFO:Process start!!
2020-05-14 10:16:20,433:57:INFO:Ctrl-c pressed ...
2020-05-14 10:16:20,438:58:INFO:Process end!!
